--------------------------------------------------
---- Marvellous Platform Surveillance System -----
Log created at : Sun Feb  8 12:48:03 2026
--------------------------------------------------

----------------- System Report ------------------
CPU Usage : 7.3 %
--------------------------------------------------
RAM usage : 50.7 %
--------------------------------------------------

Disk Usage Report
--------------------------------------------------
C:\ -> 31.9 % used
D:\ -> 0.0 % used
--------------------------------------------------

Netwrk Usage Report
Sent : 11.83 MB
Recv : 147.64 MB
--------------------------------------------------
PID : 0
Name System Idle Process
Username NT AUTHORITY\SYSTEM
Status : running
Start time : 1970-01-01 05:30:00
CPU % : 676.70
Memory % : 0.00
--------------------------------------------------
PID : 4
Name System
Username NT AUTHORITY\SYSTEM
Status : running
Start time : 1970-01-01 05:30:00
CPU % : 3.30
Memory % : 0.00
--------------------------------------------------
PID : 140
Name 
Username None
Status : stopped
Start time : 2026-02-04 10:40:58
CPU % : 0.00
Memory % : 0.39
--------------------------------------------------
PID : 152
Name RuntimeBroker.exe
Username DELL\ADMIN
Status : running
Start time : 2026-02-05 10:38:49
CPU % : 0.00
Memory % : 0.02
--------------------------------------------------
PID : 184
Name Registry
Username None
Status : running
Start time : 2026-02-04 10:40:58
CPU % : 0.00
Memory % : 0.18
--------------------------------------------------
PID : 496
Name winlogon.exe
Username None
Status : running
Start time : 2026-02-04 10:41:13
CPU % : 0.00
Memory % : 0.04
--------------------------------------------------
PID : 572
Name smss.exe
Username None
Status : running
Start time : 2026-02-04 10:41:02
CPU % : 0.00
Memory % : 0.00
--------------------------------------------------
PID : 648
Name wininit.exe
Username None
Status : running
Start time : 2026-02-04 10:41:13
CPU % : 0.00
Memory % : 0.01
--------------------------------------------------
PID : 688
Name csrss.exe
Username None
Status : running
Start time : 2026-02-04 10:41:13
CPU % : 0.00
Memory % : 0.02
--------------------------------------------------
PID : 720
Name chrome.exe
Username DELL\ADMIN
Status : running
Start time : 2026-02-04 12:20:40
CPU % : 0.00
Memory % : 3.01
--------------------------------------------------
PID : 756
Name Code.exe
Username DELL\ADMIN
Status : running
Start time : 2026-02-06 17:52:26
CPU % : 0.00
Memory % : 2.38
--------------------------------------------------
PID : 908
Name SystemSettings.exe
Username DELL\ADMIN
Status : stopped
Start time : 2026-02-05 13:31:04
CPU % : 0.00
Memory % : 0.01
--------------------------------------------------
PID : 944
Name csrss.exe
Username None
Status : running
Start time : 2026-02-04 10:41:12
CPU % : 0.00
Memory % : 0.02
--------------------------------------------------
PID : 948
Name svchost.exe
Username None
Status : running
Start time : 2026-02-04 10:46:34
CPU % : 0.00
Memory % : 0.09
--------------------------------------------------
PID : 1076
Name services.exe
Username None
Status : running
Start time : 2026-02-04 10:41:13
CPU % : 0.00
Memory % : 0.06
--------------------------------------------------
PID : 1096
Name LsaIso.exe
Username None
Status : running
Start time : 2026-02-04 10:41:13
CPU % : 0.00
Memory % : 0.01
--------------------------------------------------
PID : 1104
Name lsass.exe
Username None
Status : running
Start time : 2026-02-04 10:41:13
CPU % : 0.00
Memory % : 0.12
--------------------------------------------------
PID : 1176
Name svchost.exe
Username None
Status : running
Start time : 2026-02-04 10:41:14
CPU % : 0.00
Memory % : 0.05
--------------------------------------------------
PID : 1180
Name svchost.exe
Username None
Status : running
Start time : 2026-02-04 10:41:14
CPU % : 0.00
Memory % : 0.11
--------------------------------------------------
PID : 1244
Name svchost.exe
Username None
Status : running
Start time : 2026-02-04 10:41:13
CPU % : 0.00
Memory % : 0.19
--------------------------------------------------
PID : 1264
Name WUDFHost.exe
Username None
Status : running
Start time : 2026-02-04 10:41:13
CPU % : 0.00
Memory % : 0.03
--------------------------------------------------
PID : 1296
Name fontdrvhost.exe
Username None
Status : running
Start time : 2026-02-04 10:41:13
CPU % : 0.00
Memory % : 0.01
--------------------------------------------------
PID : 1304
Name fontdrvhost.exe
Username None
Status : running
Start time : 2026-02-04 10:41:13
CPU % : 0.00
Memory % : 0.01
--------------------------------------------------
PID : 1416
Name svchost.exe
Username None
Status : running
Start time : 2026-02-04 10:41:13
CPU % : 0.00
Memory % : 0.10
--------------------------------------------------
PID : 1464
Name svchost.exe
Username None
Status : running
Start time : 2026-02-04 10:41:13
CPU % : 0.00
Memory % : 0.03
--------------------------------------------------
PID : 1540
Name dwm.exe
Username None
Status : running
Start time : 2026-02-04 10:41:13
CPU % : 5.20
Memory % : 0.38
--------------------------------------------------
PID : 1604
Name WUDFHost.exe
Username None
Status : running
Start time : 2026-02-04 10:41:13
CPU % : 0.00
Memory % : 0.12
--------------------------------------------------
PID : 1620
Name chrome.exe
Username DELL\ADMIN
Status : running
Start time : 2026-02-04 12:20:44
CPU % : 0.00
Memory % : 0.05
--------------------------------------------------
PID : 1716
Name svchost.exe
Username None
Status : running
Start time : 2026-02-04 10:41:14
CPU % : 0.00
Memory % : 0.01
--------------------------------------------------
PID : 1732
Name svchost.exe
Username None
Status : running
Start time : 2026-02-04 10:41:14
CPU % : 0.00
Memory % : 0.05
--------------------------------------------------
PID : 1792
Name igfxEMN.exe
Username DELL\ADMIN
Status : running
Start time : 2026-02-04 11:08:34
CPU % : 0.00
Memory % : 0.03
--------------------------------------------------
PID : 1820
Name svchost.exe
Username None
Status : running
Start time : 2026-02-04 10:41:14
CPU % : 0.00
Memory % : 0.04
--------------------------------------------------
PID : 1836
Name svchost.exe
Username None
Status : running
Start time : 2026-02-04 10:41:14
CPU % : 0.00
Memory % : 0.04
--------------------------------------------------
PID : 1892
Name svchost.exe
Username None
Status : running
Start time : 2026-02-04 10:41:14
CPU % : 0.00
Memory % : 0.03
--------------------------------------------------
PID : 1900
Name svchost.exe
Username None
Status : running
Start time : 2026-02-04 10:41:14
CPU % : 0.00
Memory % : 0.04
--------------------------------------------------
PID : 1968
Name svchost.exe
Username None
Status : running
Start time : 2026-02-04 10:41:14
CPU % : 0.00
Memory % : 0.01
--------------------------------------------------
PID : 1980
Name svchost.exe
Username None
Status : running
Start time : 2026-02-04 10:41:14
CPU % : 0.00
Memory % : 0.03
--------------------------------------------------
PID : 2044
Name svchost.exe
Username None
Status : running
Start time : 2026-02-04 10:41:14
CPU % : 0.00
Memory % : 0.04
--------------------------------------------------
PID : 2212
Name svchost.exe
Username None
Status : running
Start time : 2026-02-04 10:41:14
CPU % : 0.00
Memory % : 0.04
--------------------------------------------------
PID : 2252
Name svchost.exe
Username None
Status : running
Start time : 2026-02-04 10:41:14
CPU % : 0.00
Memory % : 0.03
--------------------------------------------------
PID : 2320
Name svchost.exe
Username None
Status : running
Start time : 2026-02-04 10:41:14
CPU % : 0.00
Memory % : 0.02
--------------------------------------------------
PID : 2328
Name chrome.exe
Username DELL\ADMIN
Status : running
Start time : 2026-02-08 12:42:46
CPU % : 0.00
Memory % : 0.18
--------------------------------------------------
PID : 2452
Name svchost.exe
Username None
Status : running
Start time : 2026-02-04 10:41:14
CPU % : 0.00
Memory % : 0.05
--------------------------------------------------
PID : 2492
Name svchost.exe
Username None
Status : running
Start time : 2026-02-04 11:07:38
CPU % : 0.00
Memory % : 0.09
--------------------------------------------------
PID : 2496
Name svchost.exe
Username DELL\ADMIN
Status : running
Start time : 2026-02-04 11:08:34
CPU % : 0.00
Memory % : 0.13
--------------------------------------------------
PID : 2552
Name DataExchangeHost.exe
Username DELL\ADMIN
Status : running
Start time : 2026-02-05 21:52:47
CPU % : 0.00
Memory % : 0.06
--------------------------------------------------
PID : 2608
Name conhost.exe
Username DELL\ADMIN
Status : running
Start time : 2026-02-06 17:56:02
CPU % : 0.00
Memory % : 0.03
--------------------------------------------------
PID : 2768
Name svchost.exe
Username None
Status : running
Start time : 2026-02-04 10:41:14
CPU % : 0.00
Memory % : 0.12
--------------------------------------------------
PID : 2776
Name svchost.exe
Username None
Status : running
Start time : 2026-02-04 10:41:14
CPU % : 0.00
Memory % : 0.06
--------------------------------------------------
PID : 2784
Name svchost.exe
Username None
Status : running
Start time : 2026-02-04 10:43:19
CPU % : 0.00
Memory % : 0.04
--------------------------------------------------
PID : 2836
Name svchost.exe
Username None
Status : running
Start time : 2026-02-04 10:41:14
CPU % : 0.00
Memory % : 0.04
--------------------------------------------------
PID : 2844
Name svchost.exe
Username None
Status : running
Start time : 2026-02-04 10:41:14
CPU % : 0.00
Memory % : 0.01
--------------------------------------------------
PID : 2848
Name svchost.exe
Username None
Status : running
Start time : 2026-02-04 10:41:14
CPU % : 0.00
Memory % : 0.12
--------------------------------------------------
PID : 2960
Name svchost.exe
Username None
Status : running
Start time : 2026-02-04 10:41:14
CPU % : 0.00
Memory % : 0.03
--------------------------------------------------
PID : 2968
Name svchost.exe
Username None
Status : running
Start time : 2026-02-04 10:41:14
CPU % : 0.00
Memory % : 0.02
--------------------------------------------------
PID : 2980
Name MemCompression
Username None
Status : running
Start time : 2026-02-04 10:41:14
CPU % : 0.00
Memory % : 4.91
--------------------------------------------------
PID : 3196
Name TbtP2pShortcutService.exe
Username None
Status : running
Start time : 2026-02-04 10:41:15
CPU % : 0.00
Memory % : 0.01
--------------------------------------------------
PID : 3200
Name svchost.exe
Username None
Status : running
Start time : 2026-02-04 10:41:14
CPU % : 0.00
Memory % : 0.07
--------------------------------------------------
PID : 3212
Name chrome.exe
Username DELL\ADMIN
Status : running
Start time : 2026-02-04 11:19:13
CPU % : 0.00
Memory % : 0.02
--------------------------------------------------
PID : 3236
Name svchost.exe
Username None
Status : running
Start time : 2026-02-08 11:20:56
CPU % : 0.00
Memory % : 0.07
--------------------------------------------------
PID : 3240
Name svchost.exe
Username None
Status : running
Start time : 2026-02-04 10:41:14
CPU % : 0.00
Memory % : 0.03
--------------------------------------------------
PID : 3292
Name svchost.exe
Username None
Status : running
Start time : 2026-02-04 10:41:14
CPU % : 0.00
Memory % : 0.03
--------------------------------------------------
PID : 3328
Name RtkAudUService64.exe
Username None
Status : running
Start time : 2026-02-04 10:41:15
CPU % : 0.00
Memory % : 0.04
--------------------------------------------------
PID : 3344
Name svchost.exe
Username None
Status : running
Start time : 2026-02-04 10:41:14
CPU % : 0.00
Memory % : 0.03
--------------------------------------------------
PID : 3400
Name svchost.exe
Username None
Status : running
Start time : 2026-02-04 10:41:14
CPU % : 0.00
Memory % : 0.17
--------------------------------------------------
PID : 3436
Name svchost.exe
Username DELL\ADMIN
Status : running
Start time : 2026-02-04 11:08:34
CPU % : 0.00
Memory % : 0.17
--------------------------------------------------
PID : 3440
Name svchost.exe
Username None
Status : running
Start time : 2026-02-04 10:41:14
CPU % : 0.00
Memory % : 0.10
--------------------------------------------------
PID : 3476
Name svchost.exe
Username None
Status : running
Start time : 2026-02-04 10:41:14
CPU % : 0.00
Memory % : 0.06
--------------------------------------------------
PID : 3536
Name spoolsv.exe
Username None
Status : running
Start time : 2026-02-04 10:41:15
CPU % : 0.00
Memory % : 0.05
--------------------------------------------------
PID : 3576
Name svchost.exe
Username None
Status : running
Start time : 2026-02-04 10:41:15
CPU % : 0.00
Memory % : 0.11
--------------------------------------------------
PID : 3616
Name svchost.exe
Username None
Status : running
Start time : 2026-02-04 10:41:15
CPU % : 0.00
Memory % : 0.12
--------------------------------------------------
PID : 3632
Name igfxCUIServiceN.exe
Username None
Status : running
Start time : 2026-02-04 10:46:37
CPU % : 0.00
Memory % : 0.04
--------------------------------------------------
PID : 3680
Name chrome.exe
Username DELL\ADMIN
Status : running
Start time : 2026-02-04 12:20:44
CPU % : 0.00
Memory % : 0.04
--------------------------------------------------
PID : 3704
Name svchost.exe
Username None
Status : running
Start time : 2026-02-04 10:41:15
CPU % : 0.00
Memory % : 0.02
--------------------------------------------------
PID : 3748
Name WavesAudioService.exe
Username None
Status : running
Start time : 2026-02-04 10:41:15
CPU % : 0.00
Memory % : 0.03
--------------------------------------------------
PID : 3756
Name svchost.exe
Username None
Status : running
Start time : 2026-02-04 10:41:15
CPU % : 0.00
Memory % : 0.01
--------------------------------------------------
PID : 3796
Name svchost.exe
Username DELL\ADMIN
Status : running
Start time : 2026-02-04 11:08:34
CPU % : 0.00
Memory % : 0.01
--------------------------------------------------
PID : 3804
Name WavesSysSvc64.exe
Username None
Status : running
Start time : 2026-02-04 10:41:15
CPU % : 0.00
Memory % : 0.77
--------------------------------------------------
PID : 3828
Name svchost.exe
Username None
Status : running
Start time : 2026-02-04 10:41:15
CPU % : 0.00
Memory % : 0.33
--------------------------------------------------
PID : 3836
Name armsvc.exe
Username None
Status : running
Start time : 2026-02-04 10:41:15
CPU % : 0.00
Memory % : 0.01
--------------------------------------------------
PID : 3844
Name svchost.exe
Username None
Status : running
Start time : 2026-02-04 10:41:15
CPU % : 0.00
Memory % : 0.26
--------------------------------------------------
PID : 3852
Name AnyDesk.exe
Username None
Status : running
Start time : 2026-02-04 10:41:15
CPU % : 0.00
Memory % : 0.21
--------------------------------------------------
PID : 3868
Name OfficeClickToRun.exe
Username None
Status : running
Start time : 2026-02-04 10:41:15
CPU % : 0.00
Memory % : 0.24
--------------------------------------------------
PID : 3892
Name IntelAudioService.exe
Username None
Status : running
Start time : 2026-02-04 10:41:15
CPU % : 0.00
Memory % : 0.03
--------------------------------------------------
PID : 3904
Name svchost.exe
Username None
Status : running
Start time : 2026-02-04 10:41:15
CPU % : 0.00
Memory % : 0.05
--------------------------------------------------
PID : 3936
Name esif_uf.exe
Username None
Status : running
Start time : 2026-02-04 10:41:15
CPU % : 0.00
Memory % : 0.01
--------------------------------------------------
PID : 3964
Name jhi_service.exe
Username None
Status : running
Start time : 2026-02-04 10:41:15
CPU % : 0.00
Memory % : 0.01
--------------------------------------------------
PID : 3980
Name NisSrv.exe
Username None
Status : running
Start time : 2026-02-04 10:41:22
CPU % : 0.00
Memory % : 0.03
--------------------------------------------------
PID : 4020
Name Code.exe
Username DELL\ADMIN
Status : running
Start time : 2026-02-06 17:52:25
CPU % : 0.00
Memory % : 1.04
--------------------------------------------------
PID : 4040
Name MpDefenderCoreService.exe
Username None
Status : running
Start time : 2026-02-04 10:41:15
CPU % : 0.00
Memory % : 0.11
--------------------------------------------------
PID : 4076
Name svchost.exe
Username None
Status : running
Start time : 2026-02-04 10:43:19
CPU % : 0.00
Memory % : 0.06
--------------------------------------------------
PID : 4108
Name svchost.exe
Username None
Status : running
Start time : 2026-02-04 10:41:15
CPU % : 0.00
Memory % : 0.03
--------------------------------------------------
PID : 4116
Name MsMpEng.exe
Username None
Status : running
Start time : 2026-02-04 10:41:15
CPU % : 3.20
Memory % : 1.15
--------------------------------------------------
PID : 4124
Name svchost.exe
Username None
Status : running
Start time : 2026-02-04 11:10:00
CPU % : 0.00
Memory % : 0.01
--------------------------------------------------
PID : 4128
Name taskhostw.exe
Username DELL\ADMIN
Status : running
Start time : 2026-02-04 11:08:34
CPU % : 0.00
Memory % : 0.09
--------------------------------------------------
PID : 4268
Name svchost.exe
Username None
Status : running
Start time : 2026-02-04 10:43:24
CPU % : 0.00
Memory % : 0.20
--------------------------------------------------
PID : 4284
Name svchost.exe
Username None
Status : running
Start time : 2026-02-04 10:41:15
CPU % : 0.00
Memory % : 0.09
--------------------------------------------------
PID : 4360
Name svchost.exe
Username None
Status : running
Start time : 2026-02-04 10:41:15
CPU % : 0.00
Memory % : 0.10
--------------------------------------------------
PID : 4736
Name svchost.exe
Username None
Status : running
Start time : 2026-02-04 10:41:26
CPU % : 0.00
Memory % : 0.04
--------------------------------------------------
PID : 4756
Name svchost.exe
Username None
Status : running
Start time : 2026-02-04 10:43:20
CPU % : 0.00
Memory % : 0.20
--------------------------------------------------
PID : 4856
Name svchost.exe
Username None
Status : running
Start time : 2026-02-08 12:44:48
CPU % : 0.00
Memory % : 0.07
--------------------------------------------------
PID : 4960
Name WidgetService.exe
Username DELL\ADMIN
Status : running
Start time : 2026-02-05 11:33:12
CPU % : 0.00
Memory % : 0.09
--------------------------------------------------
PID : 5244
Name svchost.exe
Username None
Status : running
Start time : 2026-02-04 10:43:18
CPU % : 0.00
Memory % : 0.13
--------------------------------------------------
PID : 5264
Name chrome.exe
Username DELL\ADMIN
Status : running
Start time : 2026-02-04 11:19:13
CPU % : 0.00
Memory % : 1.20
--------------------------------------------------
PID : 5384
Name ShellHost.exe
Username DELL\ADMIN
Status : running
Start time : 2026-02-08 12:46:50
CPU % : 0.00
Memory % : 0.41
--------------------------------------------------
PID : 5396
Name svchost.exe
Username None
Status : running
Start time : 2026-02-04 10:43:16
CPU % : 0.00
Memory % : 0.16
--------------------------------------------------
PID : 5548
Name svchost.exe
Username None
Status : running
Start time : 2026-02-04 10:43:20
CPU % : 0.00
Memory % : 0.05
--------------------------------------------------
PID : 5584
Name svchost.exe
Username None
Status : running
Start time : 2026-02-04 10:41:17
CPU % : 4.30
Memory % : 0.12
--------------------------------------------------
PID : 5628
Name svchost.exe
Username None
Status : running
Start time : 2026-02-04 10:43:19
CPU % : 0.00
Memory % : 0.05
--------------------------------------------------
PID : 5780
Name Code.exe
Username DELL\ADMIN
Status : running
Start time : 2026-02-06 17:52:26
CPU % : 0.00
Memory % : 0.21
--------------------------------------------------
PID : 5804
Name svchost.exe
Username DELL\ADMIN
Status : running
Start time : 2026-02-04 11:10:34
CPU % : 0.00
Memory % : 0.03
--------------------------------------------------
PID : 6016
Name svchost.exe
Username None
Status : running
Start time : 2026-02-04 17:23:49
CPU % : 0.00
Memory % : 0.01
--------------------------------------------------
PID : 6092
Name dllhost.exe
Username DELL\ADMIN
Status : running
Start time : 2026-02-05 11:09:29
CPU % : 0.00
Memory % : 0.02
--------------------------------------------------
PID : 6112
Name svchost.exe
Username None
Status : running
Start time : 2026-02-04 10:41:18
CPU % : 0.00
Memory % : 0.01
--------------------------------------------------
PID : 6148
Name AggregatorHost.exe
Username None
Status : running
Start time : 2026-02-04 10:41:18
CPU % : 0.00
Memory % : 0.05
--------------------------------------------------
PID : 6212
Name svchost.exe
Username None
Status : running
Start time : 2026-02-04 10:43:18
CPU % : 0.00
Memory % : 0.10
--------------------------------------------------
PID : 6276
Name Code.exe
Username DELL\ADMIN
Status : running
Start time : 2026-02-06 17:52:26
CPU % : 1.40
Memory % : 1.16
--------------------------------------------------
PID : 6352
Name Code.exe
Username DELL\ADMIN
Status : running
Start time : 2026-02-06 17:52:28
CPU % : 0.00
Memory % : 0.41
--------------------------------------------------
PID : 6472
Name svchost.exe
Username None
Status : running
Start time : 2026-02-08 12:14:39
CPU % : 0.00
Memory % : 0.25
--------------------------------------------------
PID : 6532
Name svchost.exe
Username DELL\ADMIN
Status : running
Start time : 2026-02-04 11:08:39
CPU % : 0.00
Memory % : 0.07
--------------------------------------------------
PID : 6568
Name svchost.exe
Username None
Status : running
Start time : 2026-02-05 13:16:09
CPU % : 0.00
Memory % : 0.02
--------------------------------------------------
PID : 6692
Name WmiPrvSE.exe
Username None
Status : running
Start time : 2026-02-08 12:32:48
CPU % : 0.00
Memory % : 0.12
--------------------------------------------------
PID : 6728
Name svchost.exe
Username None
Status : running
Start time : 2026-02-04 13:11:09
CPU % : 0.00
Memory % : 0.01
--------------------------------------------------
PID : 6752
Name SearchIndexer.exe
Username None
Status : running
Start time : 2026-02-04 10:43:20
CPU % : 0.00
Memory % : 0.17
--------------------------------------------------
PID : 6796
Name svchost.exe
Username None
Status : running
Start time : 2026-02-04 10:41:21
CPU % : 0.00
Memory % : 0.02
--------------------------------------------------
PID : 6976
Name svchost.exe
Username None
Status : running
Start time : 2026-02-04 11:08:34
CPU % : 0.00
Memory % : 0.12
--------------------------------------------------
PID : 7080
Name conhost.exe
Username DELL\ADMIN
Status : running
Start time : 2026-02-07 17:48:20
CPU % : 0.00
Memory % : 0.04
--------------------------------------------------
PID : 7116
Name LMS.exe
Username None
Status : running
Start time : 2026-02-04 10:46:46
CPU % : 0.00
Memory % : 0.08
--------------------------------------------------
PID : 7312
Name sihost.exe
Username DELL\ADMIN
Status : running
Start time : 2026-02-04 11:08:34
CPU % : 0.00
Memory % : 0.16
--------------------------------------------------
PID : 7856
Name msedgewebview2.exe
Username DELL\ADMIN
Status : running
Start time : 2026-02-04 11:09:09
CPU % : 0.00
Memory % : 0.05
--------------------------------------------------
PID : 7972
Name svchost.exe
Username None
Status : running
Start time : 2026-02-04 11:08:34
CPU % : 0.00
Memory % : 0.05
--------------------------------------------------
PID : 8008
Name SearchHost.exe
Username DELL\ADMIN
Status : running
Start time : 2026-02-04 11:08:40
CPU % : 0.00
Memory % : 0.55
--------------------------------------------------
PID : 8052
Name RtkAudUService64.exe
Username None
Status : running
Start time : 2026-02-04 11:08:37
CPU % : 0.00
Memory % : 0.04
--------------------------------------------------
PID : 8156
Name dptf_helper.exe
Username DELL\ADMIN
Status : running
Start time : 2026-02-04 11:08:34
CPU % : 0.00
Memory % : 0.02
--------------------------------------------------
PID : 8168
Name chrome.exe
Username DELL\ADMIN
Status : running
Start time : 2026-02-04 11:19:14
CPU % : 0.00
Memory % : 1.18
--------------------------------------------------
PID : 8172
Name svchost.exe
Username None
Status : running
Start time : 2026-02-04 11:10:01
CPU % : 0.00
Memory % : 0.02
--------------------------------------------------
PID : 8288
Name chrome.exe
Username DELL\ADMIN
Status : running
Start time : 2026-02-04 11:19:14
CPU % : 0.00
Memory % : 0.33
--------------------------------------------------
PID : 8540
Name explorer.exe
Username DELL\ADMIN
Status : running
Start time : 2026-02-04 11:08:35
CPU % : 1.30
Memory % : 1.73
--------------------------------------------------
PID : 8568
Name msedgewebview2.exe
Username DELL\ADMIN
Status : running
Start time : 2026-02-04 11:09:09
CPU % : 0.00
Memory % : 0.02
--------------------------------------------------
PID : 8676
Name StartMenuExperienceHost.exe
Username DELL\ADMIN
Status : running
Start time : 2026-02-04 11:08:40
CPU % : 0.00
Memory % : 0.82
--------------------------------------------------
PID : 8708
Name bash.exe
Username DELL\ADMIN
Status : running
Start time : 2026-02-07 18:44:51
CPU % : 0.00
Memory % : 0.03
--------------------------------------------------
PID : 8816
Name OneDrive.Sync.Service.exe
Username DELL\ADMIN
Status : running
Start time : 2026-02-07 17:49:43
CPU % : 0.00
Memory % : 0.21
--------------------------------------------------
PID : 8836
Name svchost.exe
Username None
Status : running
Start time : 2026-02-04 11:08:35
CPU % : 0.00
Memory % : 0.09
--------------------------------------------------
PID : 8928
Name conhost.exe
Username DELL\ADMIN
Status : running
Start time : 2026-02-06 17:56:01
CPU % : 0.00
Memory % : 0.03
--------------------------------------------------
PID : 9032
Name CrossDeviceResume.exe
Username DELL\ADMIN
Status : running
Start time : 2026-02-04 11:08:35
CPU % : 0.00
Memory % : 0.08
--------------------------------------------------
PID : 9056
Name MidiSrv.exe
Username None
Status : running
Start time : 2026-02-04 18:09:34
CPU % : 0.00
Memory % : 0.03
--------------------------------------------------
PID : 9280
Name RuntimeBroker.exe
Username DELL\ADMIN
Status : running
Start time : 2026-02-04 11:08:40
CPU % : 0.00
Memory % : 0.21
--------------------------------------------------
PID : 9356
Name svchost.exe
Username DELL\ADMIN
Status : running
Start time : 2026-02-04 11:08:40
CPU % : 0.00
Memory % : 0.05
--------------------------------------------------
PID : 9400
Name OneDrive.exe
Username DELL\ADMIN
Status : running
Start time : 2026-02-07 17:49:42
CPU % : 0.00
Memory % : 0.59
--------------------------------------------------
PID : 9756
Name bash.exe
Username DELL\ADMIN
Status : running
Start time : 2026-02-08 12:47:03
CPU % : 0.00
Memory % : 0.11
--------------------------------------------------
PID : 9928
Name msedgewebview2.exe
Username DELL\ADMIN
Status : running
Start time : 2026-02-04 11:08:41
CPU % : 0.00
Memory % : 0.02
--------------------------------------------------
PID : 10076
Name WmiPrvSE.exe
Username None
Status : running
Start time : 2026-02-04 11:08:43
CPU % : 0.00
Memory % : 0.06
--------------------------------------------------
PID : 10184
Name msedgewebview2.exe
Username DELL\ADMIN
Status : running
Start time : 2026-02-04 11:08:41
CPU % : 1.20
Memory % : 0.74
--------------------------------------------------
PID : 10216
Name pet.exe
Username DELL\ADMIN
Status : running
Start time : 2026-02-06 17:56:01
CPU % : 0.00
Memory % : 0.03
--------------------------------------------------
PID : 10348
Name Code.exe
Username DELL\ADMIN
Status : running
Start time : 2026-02-06 17:55:58
CPU % : 2.40
Memory % : 0.44
--------------------------------------------------
PID : 10528
Name msedgewebview2.exe
Username DELL\ADMIN
Status : running
Start time : 2026-02-04 11:08:41
CPU % : 0.00
Memory % : 0.14
--------------------------------------------------
PID : 10604
Name msedgewebview2.exe
Username DELL\ADMIN
Status : running
Start time : 2026-02-04 11:08:42
CPU % : 0.00
Memory % : 0.16
--------------------------------------------------
PID : 10700
Name msedgewebview2.exe
Username DELL\ADMIN
Status : running
Start time : 2026-02-04 11:08:42
CPU % : 0.00
Memory % : 0.05
--------------------------------------------------
PID : 10740
Name Notepad.exe
Username DELL\ADMIN
Status : running
Start time : 2026-02-05 13:31:25
CPU % : 0.00
Memory % : 0.31
--------------------------------------------------
PID : 10848
Name msedgewebview2.exe
Username DELL\ADMIN
Status : running
Start time : 2026-02-04 11:08:42
CPU % : 0.00
Memory % : 0.35
--------------------------------------------------
PID : 10960
Name NgcIso.exe
Username None
Status : running
Start time : 2026-02-08 12:42:48
CPU % : 0.00
Memory % : 0.03
--------------------------------------------------
PID : 11208
Name svchost.exe
Username None
Status : running
Start time : 2026-02-08 12:36:47
CPU % : 0.00
Memory % : 0.05
--------------------------------------------------
PID : 11236
Name unsecapp.exe
Username None
Status : running
Start time : 2026-02-04 11:08:42
CPU % : 0.00
Memory % : 0.02
--------------------------------------------------
PID : 11316
Name svchost.exe
Username DELL\ADMIN
Status : running
Start time : 2026-02-04 11:34:16
CPU % : 0.00
Memory % : 0.06
--------------------------------------------------
PID : 11420
Name wlanext.exe
Username None
Status : running
Start time : 2026-02-07 19:23:37
CPU % : 0.00
Memory % : 0.03
--------------------------------------------------
PID : 11504
Name WindowsPackageManagerServer.exe
Username DELL\ADMIN
Status : running
Start time : 2026-02-05 17:21:06
CPU % : 0.00
Memory % : 0.16
--------------------------------------------------
PID : 11564
Name svchost.exe
Username None
Status : running
Start time : 2026-02-08 12:42:48
CPU % : 0.00
Memory % : 0.08
--------------------------------------------------
PID : 11752
Name UserOOBEBroker.exe
Username DELL\ADMIN
Status : running
Start time : 2026-02-04 11:08:43
CPU % : 0.00
Memory % : 0.01
--------------------------------------------------
PID : 11832
Name python.exe
Username DELL\ADMIN
Status : running
Start time : 2026-02-08 12:47:03
CPU % : 0.00
Memory % : 0.09
--------------------------------------------------
PID : 11976
Name RuntimeBroker.exe
Username DELL\ADMIN
Status : running
Start time : 2026-02-04 11:09:01
CPU % : 0.00
Memory % : 0.01
--------------------------------------------------
PID : 12012
Name ctfmon.exe
Username DELL\ADMIN
Status : running
Start time : 2026-02-04 11:08:45
CPU % : 0.00
Memory % : 0.12
--------------------------------------------------
PID : 12212
Name chrome.exe
Username DELL\ADMIN
Status : running
Start time : 2026-02-04 11:19:14
CPU % : 0.00
Memory % : 0.06
--------------------------------------------------
PID : 12524
Name svchost.exe
Username None
Status : running
Start time : 2026-02-05 13:57:02
CPU % : 0.00
Memory % : 0.02
--------------------------------------------------
PID : 12984
Name chrome.exe
Username DELL\ADMIN
Status : running
Start time : 2026-02-06 11:28:14
CPU % : 0.00
Memory % : 1.26
--------------------------------------------------
PID : 13044
Name svchost.exe
Username None
Status : running
Start time : 2026-02-04 11:09:00
CPU % : 0.00
Memory % : 0.03
--------------------------------------------------
PID : 13432
Name unsecapp.exe
Username DELL\ADMIN
Status : running
Start time : 2026-02-04 11:08:58
CPU % : 0.00
Memory % : 0.02
--------------------------------------------------
PID : 13464
Name ms-teams.exe
Username DELL\ADMIN
Status : running
Start time : 2026-02-04 11:09:01
CPU % : 0.00
Memory % : 0.23
--------------------------------------------------
PID : 13556
Name audiodg.exe
Username None
Status : running
Start time : 2026-02-04 11:08:59
CPU % : 0.00
Memory % : 0.12
--------------------------------------------------
PID : 13696
Name bash.exe
Username DELL\ADMIN
Status : running
Start time : 2026-02-07 17:48:21
CPU % : 0.00
Memory % : 0.06
--------------------------------------------------
PID : 13708
Name backgroundTaskHost.exe
Username DELL\ADMIN
Status : stopped
Start time : 2026-02-05 10:38:48
CPU % : 0.00
Memory % : 0.00
--------------------------------------------------
PID : 13732
Name WMIRegistrationService.exe
Username None
Status : running
Start time : 2026-02-04 19:28:55
CPU % : 0.00
Memory % : 0.02
--------------------------------------------------
PID : 13896
Name msedgewebview2.exe
Username DELL\ADMIN
Status : running
Start time : 2026-02-04 11:09:02
CPU % : 0.00
Memory % : 0.11
--------------------------------------------------
PID : 13968
Name msedgewebview2.exe
Username DELL\ADMIN
Status : running
Start time : 2026-02-04 11:09:02
CPU % : 0.00
Memory % : 0.02
--------------------------------------------------
PID : 14172
Name SecurityHealthSystray.exe
Username DELL\ADMIN
Status : running
Start time : 2026-02-04 11:08:57
CPU % : 0.00
Memory % : 0.03
--------------------------------------------------
PID : 14184
Name python.exe
Username DELL\ADMIN
Status : running
Start time : 2026-02-08 12:47:03
CPU % : 83.90
Memory % : 0.15
--------------------------------------------------
PID : 14192
Name SecurityHealthService.exe
Username None
Status : running
Start time : 2026-02-04 11:08:57
CPU % : 0.00
Memory % : 0.06
--------------------------------------------------
PID : 14252
Name RtkAudUService64.exe
Username DELL\ADMIN
Status : running
Start time : 2026-02-04 11:08:57
CPU % : 0.00
Memory % : 0.03
--------------------------------------------------
PID : 14328
Name WavesSvc64.exe
Username DELL\ADMIN
Status : running
Start time : 2026-02-04 11:08:58
CPU % : 0.00
Memory % : 0.09
--------------------------------------------------
PID : 14408
Name ShellExperienceHost.exe
Username DELL\ADMIN
Status : stopped
Start time : 2026-02-04 11:09:02
CPU % : 0.00
Memory % : 0.16
--------------------------------------------------
PID : 14468
Name msedgewebview2.exe
Username DELL\ADMIN
Status : running
Start time : 2026-02-04 11:09:02
CPU % : 0.00
Memory % : 0.02
--------------------------------------------------
PID : 14476
Name msedgewebview2.exe
Username DELL\ADMIN
Status : running
Start time : 2026-02-04 11:09:02
CPU % : 0.00
Memory % : 0.03
--------------------------------------------------
PID : 14508
Name msedgewebview2.exe
Username DELL\ADMIN
Status : running
Start time : 2026-02-04 11:09:02
CPU % : 0.00
Memory % : 0.01
--------------------------------------------------
PID : 14580
Name svchost.exe
Username DELL\ADMIN
Status : running
Start time : 2026-02-04 11:10:01
CPU % : 0.00
Memory % : 0.03
--------------------------------------------------
PID : 14676
Name msedgewebview2.exe
Username DELL\ADMIN
Status : running
Start time : 2026-02-04 11:09:02
CPU % : 0.00
Memory % : 0.15
--------------------------------------------------
PID : 14856
Name ApplicationFrameHost.exe
Username DELL\ADMIN
Status : running
Start time : 2026-02-04 11:09:59
CPU % : 0.00
Memory % : 0.07
--------------------------------------------------
PID : 14916
Name RuntimeBroker.exe
Username DELL\ADMIN
Status : running
Start time : 2026-02-07 19:32:43
CPU % : 0.00
Memory % : 0.21
--------------------------------------------------
PID : 15036
Name msedgewebview2.exe
Username DELL\ADMIN
Status : running
Start time : 2026-02-04 11:09:09
CPU % : 0.00
Memory % : 0.06
--------------------------------------------------
PID : 15200
Name RuntimeBroker.exe
Username DELL\ADMIN
Status : running
Start time : 2026-02-04 11:09:02
CPU % : 0.00
Memory % : 0.06
--------------------------------------------------
PID : 15652
Name Code.exe
Username DELL\ADMIN
Status : running
Start time : 2026-02-06 17:52:27
CPU % : 1.10
Memory % : 0.48
--------------------------------------------------
PID : 16012
Name M365Copilot.exe
Username DELL\ADMIN
Status : running
Start time : 2026-02-04 11:09:08
CPU % : 0.00
Memory % : 0.19
--------------------------------------------------
PID : 16080
Name RuntimeBroker.exe
Username DELL\ADMIN
Status : running
Start time : 2026-02-04 11:09:08
CPU % : 0.00
Memory % : 0.02
--------------------------------------------------
PID : 16104
Name svchost.exe
Username None
Status : running
Start time : 2026-02-04 11:10:01
CPU % : 0.00
Memory % : 0.05
--------------------------------------------------
PID : 16228
Name msedgewebview2.exe
Username DELL\ADMIN
Status : running
Start time : 2026-02-04 11:09:08
CPU % : 0.00
Memory % : 0.13
--------------------------------------------------
PID : 16268
Name msedgewebview2.exe
Username DELL\ADMIN
Status : running
Start time : 2026-02-04 11:09:08
CPU % : 0.00
Memory % : 0.02
--------------------------------------------------
PID : 16484
Name msedgewebview2.exe
Username DELL\ADMIN
Status : running
Start time : 2026-02-04 11:09:09
CPU % : 0.00
Memory % : 0.04
--------------------------------------------------
PID : 16768
Name IntelGraphicsSoftware.Service.exe
Username None
Status : running
Start time : 2026-02-04 11:09:10
CPU % : 0.00
Memory % : 0.06
--------------------------------------------------
PID : 16872
Name PresentMonService.exe
Username None
Status : running
Start time : 2026-02-04 11:09:10
CPU % : 0.00
Memory % : 0.01
--------------------------------------------------
PID : 16880
Name conhost.exe
Username None
Status : running
Start time : 2026-02-04 11:09:10
CPU % : 0.00
Memory % : 0.01
--------------------------------------------------
PID : 16984
Name chrome.exe
Username DELL\ADMIN
Status : running
Start time : 2026-02-04 11:19:18
CPU % : 0.00
Memory % : 0.05
--------------------------------------------------
PID : 17276
Name AnyDesk.exe
Username DELL\ADMIN
Status : running
Start time : 2026-02-04 11:09:17
CPU % : 0.00
Memory % : 0.15
--------------------------------------------------
PID : 17376
Name FxSound.exe
Username DELL\ADMIN
Status : running
Start time : 2026-02-04 11:09:18
CPU % : 1.00
Memory % : 0.15
--------------------------------------------------
PID : 17524
Name AppActions.exe
Username DELL\ADMIN
Status : running
Start time : 2026-02-07 17:54:48
CPU % : 0.00
Memory % : 0.18
--------------------------------------------------
PID : 17572
Name powershell.exe
Username DELL\ADMIN
Status : running
Start time : 2026-02-06 17:56:03
CPU % : 0.00
Memory % : 0.19
--------------------------------------------------
PID : 17776
Name conhost.exe
Username DELL\ADMIN
Status : running
Start time : 2026-02-07 18:44:51
CPU % : 0.00
Memory % : 0.04
--------------------------------------------------
PID : 18020
Name bash.exe
Username DELL\ADMIN
Status : running
Start time : 2026-02-07 18:44:51
CPU % : 0.00
Memory % : 0.07
--------------------------------------------------
PID : 18032
Name MoNotificationUx.exe
Username DELL\ADMIN
Status : running
Start time : 2026-02-08 12:15:24
CPU % : 0.00
Memory % : 0.09
--------------------------------------------------
PID : 18236
Name Code.exe
Username DELL\ADMIN
Status : running
Start time : 2026-02-06 17:52:26
CPU % : 0.00
Memory % : 0.11
--------------------------------------------------
PID : 18464
Name Code.exe
Username DELL\ADMIN
Status : running
Start time : 2026-02-06 17:56:04
CPU % : 0.00
Memory % : 4.80
--------------------------------------------------
PID : 18720
Name LockApp.exe
Username DELL\ADMIN
Status : stopped
Start time : 2026-02-07 19:32:43
CPU % : 0.00
Memory % : 0.63
--------------------------------------------------
PID : 18752
Name svchost.exe
Username None
Status : running
Start time : 2026-02-08 11:05:54
CPU % : 0.00
Memory % : 0.05
--------------------------------------------------
PID : 18840
Name Code.exe
Username DELL\ADMIN
Status : running
Start time : 2026-02-06 17:55:58
CPU % : 3.00
Memory % : 1.00
--------------------------------------------------
PID : 18852
Name svchost.exe
Username None
Status : running
Start time : 2026-02-06 12:36:48
CPU % : 0.00
Memory % : 0.05
--------------------------------------------------
PID : 19008
Name bash.exe
Username DELL\ADMIN
Status : running
Start time : 2026-02-07 17:48:21
CPU % : 0.00
Memory % : 0.03
--------------------------------------------------
--------------------------------------------------
----------------- End of Log File ----------------
--------------------------------------------------
